PLINK v1.90b6.18 64-bit (16 Jun 2020)
Options in effect:
  --allow-no-sex
  --bfile /home/ha0214zh/temp/LDSC_MR_Nextflow/reference_genome/1000g_bfile_hg19/eas
  --extract /home/ha0214zh/temp/LDSC_MR_Nextflow/clump/trait2.iv
  --out /home/ha0214zh/temp/LDSC_MR_Nextflow/clump/trait2
  --r2 square
  --write-snplist

Hostname: lap676
Working directory: /home/ha0214zh/temp/LDSC_MR_Nextflow/work/25/924750916d086ada8a61b16026be02
Start time: Sun Jan 12 16:23:30 2025

Random number seed: 1736695410
16027 MB RAM detected; reserving 8013 MB for main workspace.
Allocated 6009 MB successfully, after larger attempt(s) failed.
8768561 variants loaded from .bim file.
481 people (0 males, 0 females, 481 ambiguous) loaded from .fam.
Ambiguous sex IDs written to
/home/ha0214zh/temp/LDSC_MR_Nextflow/clump/trait2.nosex .
Error: No variants remaining after --extract.

End time: Sun Jan 12 16:23:33 2025
