*********************************************************************
* LD Score Regression (LDSC)
* Version 1.0.1
* (C) 2014-2019 Brendan Bulik-Sullivan and Hilary Finucane
* Broad Institute of MIT and Harvard / MIT Department of Mathematics
* GNU General Public License v3
*********************************************************************
Call: 
./ldsc.py \
--ref-ld-chr /home/ha0214zh/temp/LDSC_MR_Nextflow/reference_genome/1000g_ldscore_hg19/eas_ldscores/ \
--out /home/ha0214zh/temp/LDSC_MR_Nextflow/result/trait1_AND_trait2 \
--rg /home/ha0214zh/temp/LDSC_MR_Nextflow/munge/trait1.sumstats.gz,/home/ha0214zh/temp/LDSC_MR_Nextflow/munge/trait2.sumstats.gz \
--w-ld-chr /home/ha0214zh/temp/LDSC_MR_Nextflow/reference_genome/1000g_ldscore_hg19/eas_ldscores/ 

Beginning analysis at Sun Jan 12 15:57:39 2025
Reading summary statistics from /home/ha0214zh/temp/LDSC_MR_Nextflow/munge/trait1.sumstats.gz ...
Traceback (most recent call last):
  File "/home/ha0214zh/temp/LDSC_MR_Nextflow/ldsc/ldsc.py", line 642, in <module>
    sumstats.estimate_rg(args, log)
  File "/home/ha0214zh/temp/LDSC_MR_Nextflow/ldsc/ldscore/sumstats.py", line 397, in estimate_rg
    alleles=True, dropna=True)
  File "/home/ha0214zh/temp/LDSC_MR_Nextflow/ldsc/ldscore/sumstats.py", line 242, in _read_ld_sumstats
    sumstats = _read_sumstats(args, log, fh, alleles=alleles, dropna=dropna)
  File "/home/ha0214zh/temp/LDSC_MR_Nextflow/ldsc/ldscore/sumstats.py", line 163, in _read_sumstats
    sumstats = ps.sumstats(fh, alleles=alleles, dropna=dropna)
  File "/home/ha0214zh/temp/LDSC_MR_Nextflow/ldsc/ldscore/parse.py", line 89, in sumstats
    x = read_csv(fh, usecols=usecols, dtype=dtype_dict, compression=compression)
  File "/home/ha0214zh/temp/LDSC_MR_Nextflow/ldsc/ldscore/parse.py", line 21, in read_csv
    return pd.read_csv(fh, delim_whitespace=True, na_values='.', **kwargs)
  File "/home/ha0214zh/mambaforge/envs/ldsc/lib/python2.7/site-packages/pandas/io/parsers.py", line 702, in parser_f
    return _read(filepath_or_buffer, kwds)
  File "/home/ha0214zh/mambaforge/envs/ldsc/lib/python2.7/site-packages/pandas/io/parsers.py", line 429, in _read
    parser = TextFileReader(filepath_or_buffer, **kwds)
  File "/home/ha0214zh/mambaforge/envs/ldsc/lib/python2.7/site-packages/pandas/io/parsers.py", line 895, in __init__
    self._make_engine(self.engine)
  File "/home/ha0214zh/mambaforge/envs/ldsc/lib/python2.7/site-packages/pandas/io/parsers.py", line 1122, in _make_engine
    self._engine = CParserWrapper(self.f, **self.options)
  File "/home/ha0214zh/mambaforge/envs/ldsc/lib/python2.7/site-packages/pandas/io/parsers.py", line 1853, in __init__
    self._reader = parsers.TextReader(src, **kwds)
  File "pandas/_libs/parsers.pyx", line 387, in pandas._libs.parsers.TextReader.__cinit__
  File "pandas/_libs/parsers.pyx", line 631, in pandas._libs.parsers.TextReader._setup_parser_source
  File "/home/ha0214zh/mambaforge/envs/ldsc/lib/python2.7/gzip.py", line 94, in __init__
    fileobj = self.myfileobj = __builtin__.open(filename, mode or 'rb')
IOError: [Errno 2] No such file or directory: '/home/ha0214zh/temp/LDSC_MR_Nextflow/munge/trait1.sumstats.gz'

Analysis finished at Sun Jan 12 15:57:39 2025
Total time elapsed: 0.0s
